<?xml version="1.0"?><testsuites><testsuite errors="0" failures="1" name="Elixir.FlowMachine.ContainerTest" tests="1" time="0.0014"><properties><property name="date" value="2021-05-08T06:09:52.222473Z"/><property name="seed" value="113694"/></properties><testcase classname="Elixir.FlowMachine.ContainerTest" name="test parsing sample fixtures" time="0.0014"><failure message="error: argument error">  1) test parsing sample fixtures (FlowMachine.ContainerTest)
     test/flow_machine_container_test.exs:8
     ** (ArgumentError) argument error
     code: |&gt; Enum.each(fn fixture -&gt;
     stacktrace:
       :erlang.binary_to_existing_atom("platform_metadata", :utf8)
       (flow_machine 0.1.0) lib/flow_machine/spec_loader.ex:71: anonymous fn/2 in FlowMachine.SpecLoader.load/3
       (elixir 1.11.2) lib/enum.ex:2181: Enum."-reduce/3-lists^foldl/2-0-"/3
       (elixir 1.11.2) lib/enum.ex:1399: Enum."-map/2-lists^map/1-0-"/2
       (flow_machine 0.1.0) lib/flow_machine/flow.ex:47: FlowMachine.Flow.load_key/3
       (elixir 1.11.2) lib/enum.ex:2181: Enum."-reduce/3-lists^foldl/2-0-"/3
       (flow_machine 0.1.0) lib/flow_machine/spec_loader.ex:62: FlowMachine.SpecLoader.load/3
       (elixir 1.11.2) lib/enum.ex:1399: Enum."-map/2-lists^map/1-0-"/2
       (flow_machine 0.1.0) lib/flow_machine/container.ex:27: FlowMachine.Container.load_key/3
       (elixir 1.11.2) lib/enum.ex:2181: Enum."-reduce/3-lists^foldl/2-0-"/3
       (flow_machine 0.1.0) lib/flow_machine/spec_loader.ex:62: FlowMachine.SpecLoader.load/3
       test/flow_machine_container_test.exs:11: anonymous fn/1 in FlowMachine.ContainerTest."test parsing sample fixtures"/1
       (elixir 1.11.2) lib/enum.ex:786: Enum."-each/2-lists^foreach/1-0-"/2
       test/flow_machine_container_test.exs:10: (test)
</failure></testcase></testsuite><testsuite errors="0" failures="1" name="Elixir.FlowMachine.ContextTest" tests="2" time="0.0243"><properties><property name="date" value="2021-05-08T06:09:52.222473Z"/><property name="seed" value="113694"/></properties><testcase classname="Elixir.FlowMachine.ContextTest" name="test parsing sample fixtures" time="0.0123"><failure message="error: argument error">  1) test parsing sample fixtures (FlowMachine.ContextTest)
     test/flow_machine_context_test.exs:8
     ** (ArgumentError) argument error
     code: |&gt; Enum.each(fn fixture -&gt;
     stacktrace:
       :erlang.binary_to_existing_atom("platform_metadata", :utf8)
       (flow_machine 0.1.0) lib/flow_machine/spec_loader.ex:71: anonymous fn/2 in FlowMachine.SpecLoader.load/3
       (elixir 1.11.2) lib/enum.ex:2181: Enum."-reduce/3-lists^foldl/2-0-"/3
       (elixir 1.11.2) lib/enum.ex:1399: Enum."-map/2-lists^map/1-0-"/2
       (flow_machine 0.1.0) lib/flow_machine/context.ex:221: FlowMachine.Context.load_key/3
       (elixir 1.11.2) lib/enum.ex:2181: Enum."-reduce/3-lists^foldl/2-0-"/3
       (flow_machine 0.1.0) lib/flow_machine/spec_loader.ex:62: FlowMachine.SpecLoader.load/3
       test/flow_machine_context_test.exs:11: anonymous fn/1 in FlowMachine.ContextTest."test parsing sample fixtures"/1
       (elixir 1.11.2) lib/enum.ex:786: Enum."-each/2-lists^foreach/1-0-"/2
       test/flow_machine_context_test.exs:10: (test)
</failure></testcase><testcase classname="Elixir.FlowMachine.ContextTest" name="doctest FlowMachine.Context.new/7 (1)" time="0.0120"/></testsuite><testsuite errors="0" failures="1" name="Elixir.FlowMachine.FlowTest" tests="1" time="0.0320"><properties><property name="date" value="2021-05-08T06:09:52.222473Z"/><property name="seed" value="113694"/></properties><testcase classname="Elixir.FlowMachine.FlowTest" name="test parsing sample fixtures" time="0.0320"><failure message="error: argument error">  1) test parsing sample fixtures (FlowMachine.FlowTest)
     test/flow_machine_flow_test.exs:8
     ** (ArgumentError) argument error
     code: |&gt; Enum.each(fn fixture -&gt;
     stacktrace:
       :erlang.binary_to_existing_atom("platform_metadata", :utf8)
       (flow_machine 0.1.0) lib/flow_machine/spec_loader.ex:71: anonymous fn/2 in FlowMachine.SpecLoader.load/3
       (elixir 1.11.2) lib/enum.ex:2181: Enum."-reduce/3-lists^foldl/2-0-"/3
       (elixir 1.11.2) lib/enum.ex:1399: Enum."-map/2-lists^map/1-0-"/2
       (flow_machine 0.1.0) lib/flow_machine/flow.ex:47: FlowMachine.Flow.load_key/3
       (elixir 1.11.2) lib/enum.ex:2181: Enum."-reduce/3-lists^foldl/2-0-"/3
       (flow_machine 0.1.0) lib/flow_machine/spec_loader.ex:62: FlowMachine.SpecLoader.load/3
       (elixir 1.11.2) lib/enum.ex:1399: Enum."-map/2-lists^map/1-0-"/2
       test/flow_machine_flow_test.exs:11: anonymous fn/1 in FlowMachine.FlowTest."test parsing sample fixtures"/1
       (elixir 1.11.2) lib/enum.ex:786: Enum."-each/2-lists^foreach/1-0-"/2
       test/flow_machine_flow_test.exs:10: (test)
</failure></testcase></testsuite><testsuite errors="0" failures="0" name="Elixir.FlowMachine.Layers.CoreTest" tests="4" time="0.1315"><properties><property name="date" value="2021-05-08T06:09:52.222473Z"/><property name="seed" value="113694"/></properties><testcase classname="Elixir.FlowMachine.Layers.CoreTest" name="test log/2" time="0.0010"/><testcase classname="Elixir.FlowMachine.Layers.CoreTest" name="test output/2" time="0.0031"/><testcase classname="Elixir.FlowMachine.Layers.CoreTest" name="test run_flow/2" time="0.1093"/><testcase classname="Elixir.FlowMachine.Layers.CoreTest" name="test case_/2" time="0.0182"/></testsuite><testsuite errors="0" failures="1" name="Elixir.FlowMachine.RunnerTest" tests="1" time="0.0123"><properties><property name="date" value="2021-05-08T06:09:52.222473Z"/><property name="seed" value="113694"/></properties><testcase classname="Elixir.FlowMachine.RunnerTest" name="test running a flow" time="0.0123"><failure message="error: argument error">  1) test running a flow (FlowMachine.RunnerTest)
     test/flow_machine_runner_test.exs:14
     ** (ArgumentError) argument error
     code: context = context_for("priv/fixtures/flows/Flows-1607486601464.json")
     stacktrace:
       :erlang.binary_to_existing_atom("platform_metadata", :utf8)
       (flow_machine 0.1.0) lib/flow_machine/spec_loader.ex:71: anonymous fn/2 in FlowMachine.SpecLoader.load/3
       (elixir 1.11.2) lib/enum.ex:2181: Enum."-reduce/3-lists^foldl/2-0-"/3
       (elixir 1.11.2) lib/enum.ex:1399: Enum."-map/2-lists^map/1-0-"/2
       (flow_machine 0.1.0) lib/flow_machine/flow.ex:47: FlowMachine.Flow.load_key/3
       (elixir 1.11.2) lib/enum.ex:2181: Enum."-reduce/3-lists^foldl/2-0-"/3
       (flow_machine 0.1.0) lib/flow_machine/spec_loader.ex:62: FlowMachine.SpecLoader.load/3
       test/flow_machine_runner_test.exs:9: FlowMachine.RunnerTest.context_for/1
       test/flow_machine_runner_test.exs:15: (test)
</failure></testcase></testsuite></testsuites>