<?xml version="1.0"?><testsuites><testsuite errors="0" failures="0" name="Elixir.FlowMachine.ContainerTest" tests="1" time="0.0031"><properties><property name="date" value="2021-05-08T05:43:53.080459Z"/><property name="seed" value="37853"/></properties><testcase classname="Elixir.FlowMachine.ContainerTest" name="test parsing sample fixtures" time="0.0031"/></testsuite><testsuite errors="0" failures="0" name="Elixir.FlowMachine.ContextTest" tests="2" time="0.0174"><properties><property name="date" value="2021-05-08T05:43:53.080459Z"/><property name="seed" value="37853"/></properties><testcase classname="Elixir.FlowMachine.ContextTest" name="test parsing sample fixtures" time="0.0164"/><testcase classname="Elixir.FlowMachine.ContextTest" name="doctest FlowMachine.Context.new/7 (1)" time="0.0010"/></testsuite><testsuite errors="0" failures="0" name="Elixir.FlowMachine.FlowTest" tests="1" time="0.0163"><properties><property name="date" value="2021-05-08T05:43:53.080459Z"/><property name="seed" value="37853"/></properties><testcase classname="Elixir.FlowMachine.FlowTest" name="test parsing sample fixtures" time="0.0163"/></testsuite><testsuite errors="0" failures="0" name="Elixir.FlowMachine.Layers.CoreTest" tests="4" time="0.0902"><properties><property name="date" value="2021-05-08T05:43:53.080459Z"/><property name="seed" value="37853"/></properties><testcase classname="Elixir.FlowMachine.Layers.CoreTest" name="test output/2" time="0.0027"/><testcase classname="Elixir.FlowMachine.Layers.CoreTest" name="test log/2" time="0.0011"/><testcase classname="Elixir.FlowMachine.Layers.CoreTest" name="test case_/2" time="0.0171"/><testcase classname="Elixir.FlowMachine.Layers.CoreTest" name="test run_flow/2" time="0.0693"/></testsuite><testsuite errors="0" failures="0" name="Elixir.FlowMachine.RunnerTest" tests="1" time="0.0110"><properties><property name="date" value="2021-05-08T05:43:53.080459Z"/><property name="seed" value="37853"/></properties><testcase classname="Elixir.FlowMachine.RunnerTest" name="test running a flow" time="0.0110"/></testsuite></testsuites>